[21/April/2021 09:05] - indicators.adhaesio - INFO - Started on platform Windows-7-6.1.7601-SP1
[21/April/2021 09:05] - indicators.adhaesio - INFO - OK! Load Data
[21/April/2021 09:05] - indicators.adhaesio - INFO - start initial assignment
[21/April/2021 09:05] - indicators.adhaesio - INFO - OK! end initial assignment 
[21/April/2021 09:05] - indicators.adhaesio - INFO - OK! Load object class
[21/April/2021 09:05] - indicators.adhaesio - INFO - OK! Load object class
[21/April/2021 09:05] - indicators.adhaesio - INFO - OK! Load object class
[21/April/2021 09:05] - indicators.adhaesio - INFO - OK! Load object class
[21/April/2021 09:05] - indicators.adhaesio - INFO - OK! Load object class
[21/April/2021 09:05] - indicators.adhaesio - INFO - OK! Load object class
[21/April/2021 09:05] - indicators.adhaesio - INFO - OK! Load object class
[21/April/2021 09:05] - indicators.adhaesio - INFO - OK! Load object class
[21/April/2021 09:05] - indicators.adhaesio - INFO - OK! Load object class
[21/April/2021 09:05] - indicators.adhaesio - INFO - OK! Load object class
[21/April/2021 09:05] - indicators.adhaesio - INFO - OK! Load object class
[21/April/2021 09:05] - indicators.adhaesio - INFO - OK! Module on Windows-7-6.1.7601-SP1
[22/April/2021 11:17] - indicators.adhaesio - INFO - Started on platform Windows-7-6.1.7601-SP1
[22/April/2021 11:17] - indicators.adhaesio - INFO - OK! Load Data
[22/April/2021 11:17] - indicators.adhaesio - INFO - start initial assignment
[22/April/2021 11:17] - indicators.adhaesio - INFO - OK! end initial assignment 
[22/April/2021 11:17] - indicators.adhaesio - INFO - OK! Load object class
[22/April/2021 11:17] - indicators.adhaesio - INFO - OK! Load object class
[22/April/2021 11:17] - indicators.adhaesio - INFO - OK! Load object class
[22/April/2021 11:17] - indicators.adhaesio - INFO - OK! Load object class
[22/April/2021 11:17] - indicators.adhaesio - INFO - OK! Load object class
[22/April/2021 11:17] - indicators.adhaesio - INFO - OK! Load object class
[22/April/2021 11:17] - indicators.adhaesio - INFO - OK! Load object class
[22/April/2021 11:17] - indicators.adhaesio - INFO - OK! Load object class
[22/April/2021 11:17] - indicators.adhaesio - INFO - OK! Load object class
[22/April/2021 11:17] - indicators.adhaesio - INFO - OK! Load object class
[22/April/2021 11:17] - indicators.adhaesio - INFO - OK! Load object class
[22/April/2021 11:17] - indicators.adhaesio - INFO - OK! Module on Windows-7-6.1.7601-SP1
[23/April/2021 09:46] - indicators.adhaesio - INFO - Started on platform Windows-7-6.1.7601-SP1
[23/April/2021 09:46] - indicators.adhaesio - INFO - OK! Load Data
[23/April/2021 09:46] - indicators.adhaesio - INFO - start initial assignment
[23/April/2021 09:46] - indicators.adhaesio - INFO - OK! end initial assignment 
[23/April/2021 09:46] - indicators.adhaesio - INFO - OK! Load object class
[23/April/2021 09:46] - indicators.adhaesio - INFO - OK! Load object class
[23/April/2021 09:46] - indicators.adhaesio - INFO - OK! Load object class
[23/April/2021 09:46] - indicators.adhaesio - INFO - OK! Load object class
[23/April/2021 09:46] - indicators.adhaesio - INFO - OK! Load object class
[23/April/2021 09:46] - indicators.adhaesio - INFO - OK! Load object class
[23/April/2021 09:46] - indicators.adhaesio - INFO - OK! Load object class
[23/April/2021 09:46] - indicators.adhaesio - INFO - OK! Load object class
[23/April/2021 09:46] - indicators.adhaesio - INFO - OK! Load object class
[23/April/2021 09:46] - indicators.adhaesio - INFO - OK! Load object class
[23/April/2021 09:46] - indicators.adhaesio - INFO - OK! Load object class
[23/April/2021 09:46] - indicators.adhaesio - INFO - OK! Module on Windows-7-6.1.7601-SP1
[23/April/2021 16:02] - indicators.adhaesio - INFO - Started on platform Windows-7-6.1.7601-SP1
[23/April/2021 16:03] - indicators.adhaesio - INFO - OK! Load Data
[23/April/2021 16:03] - indicators.adhaesio - INFO - start initial assignment
[23/April/2021 16:03] - indicators.adhaesio - INFO - OK! end initial assignment 
[23/April/2021 16:03] - indicators.adhaesio - INFO - OK! Load object class
[23/April/2021 16:03] - indicators.adhaesio - INFO - OK! Load object class
[23/April/2021 16:03] - indicators.adhaesio - INFO - OK! Load object class
[23/April/2021 16:03] - indicators.adhaesio - INFO - OK! Load object class
[23/April/2021 16:03] - indicators.adhaesio - INFO - OK! Load object class
[23/April/2021 16:03] - indicators.adhaesio - INFO - OK! Load object class
[23/April/2021 16:03] - indicators.adhaesio - INFO - OK! Load object class
[23/April/2021 16:03] - indicators.adhaesio - INFO - OK! Load object class
[23/April/2021 16:03] - indicators.adhaesio - INFO - OK! Load object class
[23/April/2021 16:03] - indicators.adhaesio - INFO - OK! Load object class
[23/April/2021 16:03] - indicators.adhaesio - INFO - OK! Load object class
[23/April/2021 16:03] - indicators.adhaesio - INFO - OK! Module on Windows-7-6.1.7601-SP1
